app/manifest-merger-release-report.txt
-- Merging decision tree log ---
manifest
ADDED from AndroidManifest.xml:3:1
	xmlns:android
		ADDED from AndroidManifest.xml:3:11
	package
		ADDED from AndroidManifest.xml:4:1
		INJECTED from AndroidManifest.xml:0:0
		INJECTED from AndroidManifest.xml:0:0
	android:versionName
		ADDED from AndroidManifest.xml:6:1
		INJECTED from AndroidManifest.xml:0:0
		INJECTED from AndroidManifest.xml:0:0
	android:versionCode
		ADDED from AndroidManifest.xml:5:1
		INJECTED from AndroidManifest.xml:0:0
		INJECTED from AndroidManifest.xml:0:0
uses-permission#android.permission.WAKE_LOCK
ADDED from AndroidManifest.xml:8:1
	android:name
		ADDED from AndroidManifest.xml:8:18
uses-permission#android.permission.WRITE_EXTERNAL_STORAGE
ADDED from AndroidManifest.xml:9:1
	android:name
		ADDED from AndroidManifest.xml:9:18
uses-permission#android.permission.VIBRATE
ADDED from AndroidManifest.xml:10:1
	android:name
		ADDED from AndroidManifest.xml:10:18
application
ADDED from AndroidManifest.xml:13:1
MERGED from com.android.support:appcompat-v7:21.0.3:16:5
MERGED from com.android.support:support-v4:21.0.3:16:5
	android:label
		ADDED from AndroidManifest.xml:15:5
	android:icon
		ADDED from AndroidManifest.xml:14:5
activity#com.mustafa.kilobolt.SampleGame
ADDED from AndroidManifest.xml:16:5
	android:screenOrientation
		ADDED from AndroidManifest.xml:20:9
	android:label
		ADDED from AndroidManifest.xml:19:9
	android:configChanges
		ADDED from AndroidManifest.xml:18:9
	android:name
		ADDED from AndroidManifest.xml:17:9
intent-filter#android.intent.action.MAIN+android.intent.category.LAUNCHER
ADDED from AndroidManifest.xml:21:9
action#android.intent.action.MAIN
ADDED from AndroidManifest.xml:22:13
	android:name
		ADDED from AndroidManifest.xml:22:21
category#android.intent.category.LAUNCHER
ADDED from AndroidManifest.xml:24:13
	android:name
		ADDED from AndroidManifest.xml:24:23
uses-sdk
INJECTED from AndroidManifest.xml:0:0 reason: use-sdk injection requested
MERGED from com.android.support:appcompat-v7:21.0.3:15:5
MERGED from com.android.support:support-v4:21.0.3:15:5
	android:targetSdkVersion
		INJECTED from AndroidManifest.xml:0:0
		INJECTED from AndroidManifest.xml:0:0
	android:minSdkVersion
		INJECTED from AndroidManifest.xml:0:0
		INJECTED from AndroidManifest.xml:0:0